{
  "RSpec": {
    "coverage": {
      "/home/ezyryanova/Documents/my/spark_test_task-master/config/environment.rb": [
        null,
        1,
        null,
        null,
        1
      ],
      "/home/ezyryanova/Documents/my/spark_test_task-master/config/application.rb": [
        1,
        null,
        1,
        null,
        1,
        1,
        1,
        1,
        1,
        1,
        1,
        1,
        null,
        null,
        null,
        null,
        1,
        null,
        1,
        1,
        1,
        null,
        1,
        1,
        null,
        null,
        null,
        1,
        1,
        null,
        null,
        null,
        null,
        1,
        null,
        null,
        null,
        null,
        null,
        null,
        1,
        null,
        null
      ],
      "/home/ezyryanova/Documents/my/spark_test_task-master/config/boot.rb": [
        1,
        null,
        1
      ],
      "/home/ezyryanova/Documents/my/spark_test_task-master/config/environments/test.rb": [
        1,
        null,
        null,
        null,
        null,
        null,
        null,
        1,
        null,
        null,
        null,
        null,
        1,
        null,
        null,
        1,
        1,
        null,
        null,
        null,
        null,
        1,
        1,
        null,
        null,
        1,
        null,
        null,
        1,
        1,
        null,
        null,
        null,
        null,
        1,
        null,
        null,
        1,
        null,
        null,
        null,
        null
      ],
      "/home/ezyryanova/Documents/my/spark_test_task-master/app/models/application_record.rb": [
        1,
        1,
        null
      ],
      "/home/ezyryanova/Documents/my/spark_test_task-master/app/controllers/application_controller.rb": [
        1,
        1,
        null
      ],
      "/home/ezyryanova/Documents/my/spark_test_task-master/app/helpers/application_helper.rb": [
        1,
        null
      ],
      "/home/ezyryanova/Documents/my/spark_test_task-master/config/initializers/active_job.rb": [
        1,
        1,
        null,
        0,
        null
      ],
      "/home/ezyryanova/Documents/my/spark_test_task-master/config/initializers/application_controller_renderer.rb": [
        null,
        null,
        null,
        null,
        null,
        null,
        null,
        null
      ],
      "/home/ezyryanova/Documents/my/spark_test_task-master/config/initializers/assets.rb": [
        null,
        null,
        null,
        1,
        null,
        null,
        null,
        null,
        1,
        null,
        null,
        null,
        null,
        null
      ],
      "/home/ezyryanova/Documents/my/spark_test_task-master/config/initializers/backtrace_silencers.rb": [
        null,
        null,
        null,
        null,
        null,
        null,
        null
      ],
      "/home/ezyryanova/Documents/my/spark_test_task-master/config/initializers/cookies_serializer.rb": [
        null,
        null,
        null,
        null,
        1
      ],
      "/home/ezyryanova/Documents/my/spark_test_task-master/config/initializers/devise.rb": [
        1
      ],
      "/home/ezyryanova/Documents/my/spark_test_task-master/config/initializers/filter_parameter_logging.rb": [
        null,
        null,
        null,
        1
      ],
      "/home/ezyryanova/Documents/my/spark_test_task-master/config/initializers/inflections.rb": [
        null,
        null,
        null,
        null,
        null,
        null,
        null,
        null,
        null,
        null,
        null,
        null,
        null,
        null,
        null,
        null
      ],
      "/home/ezyryanova/Documents/my/spark_test_task-master/config/initializers/mime_types.rb": [
        null,
        null,
        null,
        null
      ],
      "/home/ezyryanova/Documents/my/spark_test_task-master/config/initializers/sidekiq.rb": [
        1,
        null,
        1,
        0,
        null,
        null,
        1,
        1,
        null
      ],
      "/home/ezyryanova/Documents/my/spark_test_task-master/config/initializers/spree.rb": [
        null,
        null,
        null,
        null,
        null,
        null,
        null,
        null,
        null,
        null,
        null,
        1,
        null,
        null,
        null,
        null,
        null,
        1
      ],
      "/home/ezyryanova/Documents/my/spark_test_task-master/config/initializers/wrap_parameters.rb": [
        null,
        null,
        null,
        null,
        null,
        null,
        1,
        2,
        null,
        null,
        null,
        null,
        null,
        null
      ],
      "/home/ezyryanova/Documents/my/spark_test_task-master/app/overrides/add_upload_products.rb": [
        1,
        null,
        null,
        null,
        null,
        null
      ],
      "/home/ezyryanova/Documents/my/spark_test_task-master/app/controllers/spree/admin/products_controller_decorator.rb": [
        1,
        1,
        0,
        0,
        null,
        null,
        1,
        null,
        1,
        0,
        null,
        null,
        null,
        1
      ],
      "/home/ezyryanova/Documents/my/spark_test_task-master/spec/factories.rb": [
        1,
        1,
        1,
        null,
        null,
        1,
        1,
        null,
        null
      ],
      "/home/ezyryanova/Documents/my/spark_test_task-master/config/routes.rb": [
        1,
        null,
        null,
        null,
        null,
        null,
        null,
        null,
        null,
        1,
        null,
        null,
        1,
        1,
        1,
        2,
        null,
        null,
        null,
        null
      ],
      "/home/ezyryanova/Documents/my/spark_test_task-master/spec/workers/product_worker_spec.rb": [
        1,
        1,
        1,
        null,
        1,
        1,
        null,
        null,
        null,
        null,
        1,
        null,
        1,
        null,
        null,
        null,
        null,
        null,
        null,
        null,
        null,
        null,
        1,
        1,
        null,
        1,
        null,
        1,
        1,
        2,
        null,
        null
      ],
      "/home/ezyryanova/Documents/my/spark_test_task-master/app/workers/product_worker.rb": [
        1,
        1,
        null,
        1,
        null,
        1,
        1,
        1,
        null,
        1,
        null,
        1,
        null,
        1,
        null,
        null,
        null,
        null,
        null,
        null,
        null,
        null,
        null,
        1,
        1,
        1,
        null,
        null
      ]
    },
    "timestamp": 1569420032
  }
}
